<?xml version="1.0" encoding="UTF-8"?>
<!-- Generated by org.testng.reporters.JUnitReportReporter -->
<testsuite skipped="0" hostname="LAPTOP-29OC2CLC" name="testCases.PetAPITesting" tests="1" failures="0" timestamp="2020-10-18T19:17:11 IST" time="12.291" errors="0">
  <testcase name="verifyAPI" time="12.291" classname="testCases.PetAPITesting"/>
  <system-out/>
</testsuite> <!-- testCases.PetAPITesting -->
